<?xml version="1.0" encoding="UTF-8"?>
<!-- Generated by org.testng.reporters.JUnitReportReporter -->
<testsuite skipped="0" hostname="Edwards-MacBook-Pro.local" name="FacebookEvents" tests="1" failures="0" timestamp="25 May 2017 02:00:38 GMT" time="0.003" errors="0">
  <testcase name="testCaseOne" time="0.003" classname="FacebookEvents"/>
</testsuite> <!-- FacebookEvents -->
